#
# There is insufficient memory for the Java Runtime Environment to continue.
# Native memory allocation (mmap) failed to map 132120576 bytes for G1 virtual space
# Possible reasons:
#   The system is out of physical RAM or swap space
#   The process is running with CompressedOops enabled, and the Java Heap may be blocking the growth of the native heap
# Possible solutions:
#   Reduce memory load on the system
#   Increase physical memory or swap space
#   Check if swap backing store is full
#   Decrease Java heap size (-Xmx/-Xms)
#   Decrease number of Java threads
#   Decrease Java thread stack sizes (-Xss)
#   Set larger code cache with -XX:ReservedCodeCacheSize=
#   JVM is running with Unscaled Compressed Oops mode in which the Java heap is
#     placed in the first 4GB address space. The Java Heap base address is the
#     maximum limit for the native heap growth. Please use -XX:HeapBaseMinAddress
#     to set the Java Heap base and to place the Java Heap above 4GB virtual address.
# This output file may be truncated or incomplete.
#
#  Out of Memory Error (os_windows.cpp:3600), pid=8228, tid=24336
#
# JRE version:  (21.0+35) (build )
# Java VM: Java HotSpot(TM) 64-Bit Server VM (21+35-LTS-2513, mixed mode, sharing, tiered, compressed oops, compressed class ptrs, g1 gc, windows-amd64)
# No core dump will be written. Minidumps are not enabled by default on client versions of Windows
#

---------------  S U M M A R Y ------------

Command Line: -javaagent:C:\Users\Sir\eclipse\java-2024-09\eclipse\configuration\org.eclipse.osgi\482\0\.cp\jacocoagent.jar=includes=*,excludes=,exclclassloader=sun.reflect.DelegatingClassLoader,output=tcpclient,port=54792 -Dfile.encoding=UTF-8 -Dstdout.encoding=UTF-8 -Dstderr.encoding=UTF-8 --module-path=C:\Users\Sir\eclipse-workspace\Hotel_Reservation_System\bin -XX:+ShowCodeDetailsInExceptionMessages -Djdk.module.main=Hotel_Reservation_System Hotel_Reservation_System/UseCases.HotelUseCases

Host: Intel(R) Core(TM) i5-8250U CPU @ 1.60GHz, 8 cores, 7G,  Windows 11 , 64 bit Build 22621 (10.0.22621.3958)
Time: Tue Oct 15 13:24:23 2024 India Standard Time elapsed time: 0.027359 seconds (0d 0h 0m 0s)

---------------  T H R E A D  ---------------

Current thread (0x000002e47f300f70):  JavaThread "Unknown thread" [_thread_in_vm, id=24336, stack(0x000000eb9ca00000,0x000000eb9cb00000) (1024K)]

Stack: [0x000000eb9ca00000,0x000000eb9cb00000]
Native frames: (J=compiled Java code, j=interpreted, Vv=VM code, C=native code)
V  [jvm.dll+0x6c8d39]
V  [jvm.dll+0x854091]
V  [jvm.dll+0x85630e]
V  [jvm.dll+0x8569e3]
V  [jvm.dll+0x2809a6]
V  [jvm.dll+0x6c5425]
V  [jvm.dll+0x6b9e1a]
V  [jvm.dll+0x3555ba]
V  [jvm.dll+0x35d206]
V  [jvm.dll+0x3adf6e]
V  [jvm.dll+0x3ae218]
V  [jvm.dll+0x328fcc]
V  [jvm.dll+0x329b5b]
V  [jvm.dll+0x81c699]
V  [jvm.dll+0x3bb2a1]
V  [jvm.dll+0x805688]
V  [jvm.dll+0x44ed9e]
V  [jvm.dll+0x4506a1]
C  [jli.dll+0x52a3]
C  [ucrtbase.dll+0x29333]
C  [KERNEL32.DLL+0x1257d]
C  [ntdll.dll+0x5af08]


---------------  P R O C E S S  ---------------

Threads class SMR info:
_java_thread_list=0x00007ff89db77b48, length=0, elements={
}

Java Threads: ( => current thread )
Total: 0

Other Threads:
  0x000002e40149eb80 WorkerThread "GC Thread#0"                     [id=24292, stack(0x000000eb9cb00000,0x000000eb9cc00000) (1024K)]
  0x000002e4014b1890 ConcurrentGCThread "G1 Main Marker"            [id=3020, stack(0x000000eb9cc00000,0x000000eb9cd00000) (1024K)]
  0x000002e4014b2390 WorkerThread "G1 Conc#0"                       [id=18508, stack(0x000000eb9cd00000,0x000000eb9ce00000) (1024K)]

[error occurred during error reporting (printing all threads), id 0xc0000005, EXCEPTION_ACCESS_VIOLATION (0xc0000005) at pc=0x00007ff89d2ec097]
VM state: not at safepoint (not fully initialized)

VM Mutex/Monitor currently owned by a thread:  ([mutex/lock_event])
[0x00007ff89dbe8648] Heap_lock - owner thread: 0x000002e47f300f70

Heap address: 0x0000000082200000, size: 2014 MB, Compressed Oops mode: 32-bit

CDS archive(s) mapped at: [0x0000000000000000-0x0000000000000000-0x0000000000000000), size 0, SharedBaseAddress: 0x0000000800000000, ArchiveRelocationMode: 1.
Narrow klass base: 0x0000000000000000, Narrow klass shift: 0, Narrow klass range: 0x0

GC Precious Log:
 CardTable entry size: 512
 Card Set container configuration: InlinePtr #cards 5 size 8 Array Of Cards #cards 12 size 40 Howl #buckets 4 coarsen threshold 1843 Howl Bitmap #cards 512 size 80 coarsen threshold 460 Card regions per heap region 1 cards per card region 2048

Heap:
 garbage-first heap   total 0K, used 0K [0x0000000082200000, 0x0000000100000000)
  region size 1024K, 0 young (0K), 0 survivors (0K)

[error occurred during error reporting (printing heap information), id 0xc0000005, EXCEPTION_ACCESS_VIOLATION (0xc0000005) at pc=0x00007ff89d6d1939]
GC Heap History (0 events):
No events

Dll operation events (1 events):
Event: 0.021 Loaded shared library C:\Program Files\Java\jdk-21\bin\java.dll

Deoptimization events (0 events):
No events

Classes loaded (0 events):
No events

Classes unloaded (0 events):
No events

Classes redefined (0 events):
No events

Internal exceptions (0 events):
No events

ZGC Phase Switch (0 events):
No events

VM Operations (0 events):
No events

Events (0 events):
No events


Dynamic libraries:
0x00007ff6d60b0000 - 0x00007ff6d60c0000 	C:\Program Files\Java\jdk-21\bin\javaw.exe
0x00007ff8f2970000 - 0x00007ff8f2b87000 	C:\WINDOWS\SYSTEM32\ntdll.dll
0x00007ff8f2530000 - 0x00007ff8f25f4000 	C:\WINDOWS\System32\KERNEL32.DLL
0x00007ff8f00d0000 - 0x00007ff8f0487000 	C:\WINDOWS\System32\KERNELBASE.dll
0x00007ff8eff10000 - 0x00007ff8f0021000 	C:\WINDOWS\System32\ucrtbase.dll
0x00007ff8e7440000 - 0x00007ff8e7459000 	C:\Program Files\Java\jdk-21\bin\jli.dll
0x00007ff8e79b0000 - 0x00007ff8e79cb000 	C:\Program Files\Java\jdk-21\bin\VCRUNTIME140.dll
0x00007ff8f2470000 - 0x00007ff8f2522000 	C:\WINDOWS\System32\ADVAPI32.dll
0x00007ff8f09d0000 - 0x00007ff8f0a77000 	C:\WINDOWS\System32\msvcrt.dll
0x00007ff8f26f0000 - 0x00007ff8f2798000 	C:\WINDOWS\System32\sechost.dll
0x00007ff8f0540000 - 0x00007ff8f0568000 	C:\WINDOWS\System32\bcrypt.dll
0x00007ff8f1750000 - 0x00007ff8f1864000 	C:\WINDOWS\System32\RPCRT4.dll
0x00007ff8f0b80000 - 0x00007ff8f0d2f000 	C:\WINDOWS\System32\USER32.dll
0x00007ff8f0510000 - 0x00007ff8f0536000 	C:\WINDOWS\System32\win32u.dll
0x00007ff8e0980000 - 0x00007ff8e0c13000 	C:\WINDOWS\WinSxS\amd64_microsoft.windows.common-controls_6595b64144ccf1df_6.0.22621.3672_none_2713b9d173822955\COMCTL32.dll
0x00007ff8f06a0000 - 0x00007ff8f06c9000 	C:\WINDOWS\System32\GDI32.dll
0x00007ff8efdf0000 - 0x00007ff8eff08000 	C:\WINDOWS\System32\gdi32full.dll
0x00007ff8f0030000 - 0x00007ff8f00ca000 	C:\WINDOWS\System32\msvcp_win.dll
0x00007ff8ed730000 - 0x00007ff8ed73a000 	C:\WINDOWS\SYSTEM32\VERSION.dll
0x00007ff8f1b10000 - 0x00007ff8f1b41000 	C:\WINDOWS\System32\IMM32.DLL
0x00007ff8ebc50000 - 0x00007ff8ebc5c000 	C:\Program Files\Java\jdk-21\bin\vcruntime140_1.dll
0x00007ff8ca2a0000 - 0x00007ff8ca32e000 	C:\Program Files\Java\jdk-21\bin\msvcp140.dll
0x00007ff89cfb0000 - 0x00007ff89dcc3000 	C:\Program Files\Java\jdk-21\bin\server\jvm.dll
0x00007ff8f1920000 - 0x00007ff8f1991000 	C:\WINDOWS\System32\WS2_32.dll
0x00007ff8efb50000 - 0x00007ff8efb9d000 	C:\WINDOWS\SYSTEM32\POWRPROF.dll
0x00007ff8e9080000 - 0x00007ff8e90b4000 	C:\WINDOWS\SYSTEM32\WINMM.dll
0x00007ff8efb30000 - 0x00007ff8efb43000 	C:\WINDOWS\SYSTEM32\UMPDC.dll
0x00007ff8eecd0000 - 0x00007ff8eece8000 	C:\WINDOWS\SYSTEM32\kernel.appcore.dll
0x00007ff8eb810000 - 0x00007ff8eb81a000 	C:\Program Files\Java\jdk-21\bin\jimage.dll
0x00007ff8e8050000 - 0x00007ff8e8282000 	C:\WINDOWS\SYSTEM32\DBGHELP.DLL
0x00007ff8f0f40000 - 0x00007ff8f12ce000 	C:\WINDOWS\System32\combase.dll
0x00007ff8f2600000 - 0x00007ff8f26d7000 	C:\WINDOWS\System32\OLEAUT32.dll
0x00007ff8e7e50000 - 0x00007ff8e7e82000 	C:\WINDOWS\SYSTEM32\dbgcore.DLL
0x00007ff8f0490000 - 0x00007ff8f050b000 	C:\WINDOWS\System32\bcryptPrimitives.dll
0x00007ff8ec9f0000 - 0x00007ff8ec9ff000 	C:\Program Files\Java\jdk-21\bin\instrument.dll
0x00007ff8e7320000 - 0x00007ff8e733f000 	C:\Program Files\Java\jdk-21\bin\java.dll

dbghelp: loaded successfully - version: 4.0.5 - missing functions: none
symbol engine: initialized successfully - sym options: 0x614 - pdb path: .;C:\Program Files\Java\jdk-21\bin;C:\WINDOWS\SYSTEM32;C:\WINDOWS\WinSxS\amd64_microsoft.windows.common-controls_6595b64144ccf1df_6.0.22621.3672_none_2713b9d173822955;C:\Program Files\Java\jdk-21\bin\server

VM Arguments:
jvm_args: -javaagent:C:\Users\Sir\eclipse\java-2024-09\eclipse\configuration\org.eclipse.osgi\482\0\.cp\jacocoagent.jar=includes=*,excludes=,exclclassloader=sun.reflect.DelegatingClassLoader,output=tcpclient,port=54792 -Dfile.encoding=UTF-8 -Dstdout.encoding=UTF-8 -Dstderr.encoding=UTF-8 --module-path=C:\Users\Sir\eclipse-workspace\Hotel_Reservation_System\bin -XX:+ShowCodeDetailsInExceptionMessages -Djdk.module.main=Hotel_Reservation_System 
java_command: Hotel_Reservation_System/UseCases.HotelUseCases
java_class_path (initial): C:\Users\Sir\Desktop\mysql-connector-j-9.0.0\mysql-connector-j-9.0.0\mysql-connector-j-9.0.0.jar
Launcher Type: SUN_STANDARD

[Global flags]
     intx CICompilerCount                          = 4                                         {product} {ergonomic}
     uint ConcGCThreads                            = 2                                         {product} {ergonomic}
     uint G1ConcRefinementThreads                  = 8                                         {product} {ergonomic}
   size_t G1HeapRegionSize                         = 1048576                                   {product} {ergonomic}
    uintx GCDrainStackTargetSize                   = 64                                        {product} {ergonomic}
   size_t InitialHeapSize                          = 132120576                                 {product} {ergonomic}
   size_t MarkStackSize                            = 4194304                                   {product} {ergonomic}
   size_t MaxHeapSize                              = 2111832064                                {product} {ergonomic}
   size_t MinHeapDeltaBytes                        = 1048576                                   {product} {ergonomic}
   size_t MinHeapSize                              = 8388608                                   {product} {ergonomic}
    uintx NonNMethodCodeHeapSize                   = 5839372                                {pd product} {ergonomic}
    uintx NonProfiledCodeHeapSize                  = 122909434                              {pd product} {ergonomic}
    uintx ProfiledCodeHeapSize                     = 122909434                              {pd product} {ergonomic}
    uintx ReservedCodeCacheSize                    = 251658240                              {pd product} {ergonomic}
     bool SegmentedCodeCache                       = true                                      {product} {ergonomic}
     bool ShowCodeDetailsInExceptionMessages       = true                                   {manageable} {command line}
   size_t SoftMaxHeapSize                          = 2111832064                             {manageable} {ergonomic}
     bool UseCompressedOops                        = true                           {product lp64_product} {ergonomic}
     bool UseG1GC                                  = true                                      {product} {ergonomic}
     bool UseLargePagesIndividualAllocation        = false                                  {pd product} {ergonomic}

Logging:
Log output configuration:
 #0: stdout all=warning uptime,level,tags foldmultilines=false
 #1: stderr all=off uptime,level,tags foldmultilines=false

Environment Variables:
PATH=C:\Program Files\Python312\Scripts\;C:\Program Files\Python312\;C:\Program Files\Common Files\Oracle\Java\javapath;C:\WINDOWS\system32;C:\WINDOWS;C:\WINDOWS\System32\Wbem;C:\WINDOWS\System32\WindowsPowerShell\v1.0\;C:\WINDOWS\System32\OpenSSH\;C:\Program Files\MongoDB\Server\6.0\bin;D:\mongosh-1.9.1\mongosh-1.9.1-win32-x64\bin;C:\MinGW\bin;C:\Program Files\Java\jdk-20\bin;C:\ProgramData\Microsoft\Windows\Start Menu\Programs\Python 3.12;C:\Program Files\Python312\Scripts;C:\Users\me\Downloads\Django-1.5.1\django\bin;C:\Users\Sir\AppData\Roaming\Python\Python312\Scripts;C:\Program Files\Git\cmd;C:\Program Files\Git\mingw64\bin;C:\Program Files\Git\usr\bin;C:\Program Files\nodejs\;C:\Program Files\MySQL\MySQL Shell 8.0\bin\;C:\Users\Sir\AppData\Local\Programs\Python\Launcher\;C:\Users\Sir\AppData\Local\Microsoft\WindowsApps;C:\Users\Sir\AppData\Local\Programs\Microsoft VS Code\bin;C:\Program Files\JetBrains\IntelliJ IDEA Community Edition 2023.2.2\bin;;C:\Program Files\Java\jdk-21\bin;C:\Users\Sir\AppData\Local\Programs\Python;C:\Program Files\Python312\Scripts;C:\Users\Sir\AppData\Roaming\Python\Python312\Scripts;C:\Users\Sir\AppData\Roaming\npm
USERNAME=Sir
OS=Windows_NT
PROCESSOR_IDENTIFIER=Intel64 Family 6 Model 142 Stepping 10, GenuineIntel
TMP=C:\Users\Sir\AppData\Local\Temp
TEMP=C:\Users\Sir\AppData\Local\Temp




---------------  S Y S T E M  ---------------

OS:
 Windows 11 , 64 bit Build 22621 (10.0.22621.3958)
OS uptime: 1 days 14:23 hours

CPU: total 8 (initial active 8) (4 cores per cpu, 2 threads per core) family 6 model 142 stepping 10 microcode 0xea, cx8, cmov, fxsr, ht, mmx, 3dnowpref, sse, sse2, sse3, ssse3, sse4.1, sse4.2, popcnt, lzcnt, tsc, tscinvbit, avx, avx2, aes, erms, clmul, bmi1, bmi2, adx, fma, vzeroupper, clflush, clflushopt, rdtscp, f16c
Processor Information for processor 0
  Max Mhz: 1800, Current Mhz: 1500, Mhz Limit: 1584
Processor Information for processor 1
  Max Mhz: 1800, Current Mhz: 1500, Mhz Limit: 1584
Processor Information for processor 2
  Max Mhz: 1800, Current Mhz: 1500, Mhz Limit: 1584
Processor Information for processor 3
  Max Mhz: 1800, Current Mhz: 1600, Mhz Limit: 1584
Processor Information for processor 4
  Max Mhz: 1800, Current Mhz: 1600, Mhz Limit: 1584
Processor Information for processor 5
  Max Mhz: 1800, Current Mhz: 1600, Mhz Limit: 1584
Processor Information for processor 6
  Max Mhz: 1800, Current Mhz: 1500, Mhz Limit: 1584
Processor Information for processor 7
  Max Mhz: 1800, Current Mhz: 1500, Mhz Limit: 1584

Memory: 4k page, system-wide physical 8050M (515M free)
TotalPageFile size 26074M (AvailPageFile size 83M)
current process WorkingSet (physical memory assigned to process): 11M, peak: 11M
current process commit charge ("private bytes"): 60M, peak: 186M

vm_info: Java HotSpot(TM) 64-Bit Server VM (21+35-LTS-2513) for windows-amd64 JRE (21+35-LTS-2513), built on 2023-08-09T20:25:10Z by "mach5one" with MS VC++ 17.1 (VS2022)

END.
